TpTrace Verbose: 0 : 11544, 1, 2021/06/18, 22:17:53.099, 3501771837925, vstest.console.dll, Version: 16.10.0-release-20210520-03
TpTrace Information: 0 : 11544, 1, 2021/06/18, 22:17:53.109, 3501771928064, vstest.console.dll, FilePatternParser: The given file C:\Projects\Siemens\tiny-jewelry-store\JewelleryStore\JewelleryStore.Tests\bin\Debug\netcoreapp3.1\fine-code-coverage\build-output\JewelleryStore.Tests.dll is a full path.
TpTrace Verbose: 0 : 11544, 1, 2021/06/18, 22:17:53.116, 3501771994316, vstest.console.dll, TestPluginCache.DiscoverTestExtensions: finding test extensions in assemblies ends with: RuntimeProvider.dll TPluginInfo: Microsoft.VisualStudio.TestPlatform.Common.ExtensionFramework.Utilities.TestRuntimePluginInformation TExtension: Microsoft.VisualStudio.TestPlatform.ObjectModel.Host.ITestRuntimeProvider
TpTrace Verbose: 0 : 11544, 1, 2021/06/18, 22:17:53.116, 3501771999684, vstest.console.dll, TestPluginCache.GetExtensionPaths: Filtered extension paths: 
TpTrace Verbose: 0 : 11544, 1, 2021/06/18, 22:17:53.116, 3501772001053, vstest.console.dll, TestPluginCache.GetExtensionPaths: Added default extension paths: C:\Program Files\dotnet\sdk\5.0.301\Extensions\Microsoft.Diagnostics.NETCore.Client.dll
C:\Program Files\dotnet\sdk\5.0.301\Extensions\Microsoft.TestPlatform.Extensions.BlameDataCollector.dll
C:\Program Files\dotnet\sdk\5.0.301\Extensions\Microsoft.TestPlatform.Extensions.EventLogCollector.dll
C:\Program Files\dotnet\sdk\5.0.301\Extensions\Microsoft.TestPlatform.TestHostRuntimeProvider.dll
C:\Program Files\dotnet\sdk\5.0.301\Extensions\Microsoft.VisualStudio.TestPlatform.Extensions.Html.TestLogger.dll
C:\Program Files\dotnet\sdk\5.0.301\Extensions\Microsoft.VisualStudio.TestPlatform.Extensions.Trx.TestLogger.dll
TpTrace Verbose: 0 : 11544, 1, 2021/06/18, 22:17:53.116, 3501772001652, vstest.console.dll, TestPluginCache.GetExtensionPaths: Added unfilterableExtensionPaths: 
TpTrace Information: 0 : 11544, 1, 2021/06/18, 22:17:53.117, 3501772012276, vstest.console.dll, AssemblyResolver.ctor: Creating AssemblyResolver with searchDirectories C:\Program Files\dotnet\sdk\5.0.301\Extensions,C:\Program Files\dotnet\sdk\5.0.301
TpTrace Verbose: 0 : 11544, 1, 2021/06/18, 22:17:53.119, 3501772025097, vstest.console.dll, TestPluginCache.DiscoverTestExtensions: Discovering the extensions using extension path.
TpTrace Verbose: 0 : 11544, 1, 2021/06/18, 22:17:53.119, 3501772026284, vstest.console.dll, TestPluginCache.GetExtensionPaths: Filtered extension paths: 
TpTrace Verbose: 0 : 11544, 1, 2021/06/18, 22:17:53.119, 3501772026775, vstest.console.dll, TestPluginCache.GetExtensionPaths: Added default extension paths: C:\Program Files\dotnet\sdk\5.0.301\Extensions\Microsoft.Diagnostics.NETCore.Client.dll
C:\Program Files\dotnet\sdk\5.0.301\Extensions\Microsoft.TestPlatform.Extensions.BlameDataCollector.dll
C:\Program Files\dotnet\sdk\5.0.301\Extensions\Microsoft.TestPlatform.Extensions.EventLogCollector.dll
C:\Program Files\dotnet\sdk\5.0.301\Extensions\Microsoft.TestPlatform.TestHostRuntimeProvider.dll
C:\Program Files\dotnet\sdk\5.0.301\Extensions\Microsoft.VisualStudio.TestPlatform.Extensions.Html.TestLogger.dll
C:\Program Files\dotnet\sdk\5.0.301\Extensions\Microsoft.VisualStudio.TestPlatform.Extensions.Trx.TestLogger.dll
TpTrace Verbose: 0 : 11544, 1, 2021/06/18, 22:17:53.119, 3501772027091, vstest.console.dll, TestPluginCache.GetExtensionPaths: Added unfilterableExtensionPaths: 
TpTrace Verbose: 0 : 11544, 1, 2021/06/18, 22:17:53.119, 3501772027754, vstest.console.dll, TestPluginCache.DiscoverTestExtensions: Discovering the extensions using allExtensionPaths: C:\Program Files\dotnet\sdk\5.0.301\Extensions\Microsoft.Diagnostics.NETCore.Client.dll
C:\Program Files\dotnet\sdk\5.0.301\Extensions\Microsoft.TestPlatform.Extensions.BlameDataCollector.dll
C:\Program Files\dotnet\sdk\5.0.301\Extensions\Microsoft.TestPlatform.Extensions.EventLogCollector.dll
C:\Program Files\dotnet\sdk\5.0.301\Extensions\Microsoft.TestPlatform.TestHostRuntimeProvider.dll
C:\Program Files\dotnet\sdk\5.0.301\Extensions\Microsoft.VisualStudio.TestPlatform.Extensions.Html.TestLogger.dll
C:\Program Files\dotnet\sdk\5.0.301\Extensions\Microsoft.VisualStudio.TestPlatform.Extensions.Trx.TestLogger.dll
TpTrace Information: 0 : 11544, 1, 2021/06/18, 22:17:53.119, 3501772029346, vstest.console.dll, AssemblyResolver.AddSearchDirectories: Adding more searchDirectories C:\Program Files\dotnet\sdk\5.0.301\Extensions,C:\Program Files\dotnet\sdk\5.0.301
TpTrace Information: 0 : 11544, 1, 2021/06/18, 22:17:53.119, 3501772030081, vstest.console.dll, AssemblyResolver.AddSearchDirectories: Adding more searchDirectories C:\Program Files\dotnet\sdk\5.0.301\Extensions,C:\Program Files\dotnet\sdk\5.0.301
TpTrace Information: 0 : 11544, 1, 2021/06/18, 22:17:53.119, 3501772030477, vstest.console.dll, AssemblyResolver.AddSearchDirectories: Adding more searchDirectories C:\Program Files\dotnet\sdk\5.0.301\Extensions,C:\Program Files\dotnet\sdk\5.0.301
TpTrace Information: 0 : 11544, 1, 2021/06/18, 22:17:53.119, 3501772030761, vstest.console.dll, AssemblyResolver.AddSearchDirectories: Adding more searchDirectories C:\Program Files\dotnet\sdk\5.0.301\Extensions,C:\Program Files\dotnet\sdk\5.0.301
TpTrace Information: 0 : 11544, 1, 2021/06/18, 22:17:53.119, 3501772031087, vstest.console.dll, AssemblyResolver.AddSearchDirectories: Adding more searchDirectories C:\Program Files\dotnet\sdk\5.0.301\Extensions,C:\Program Files\dotnet\sdk\5.0.301
TpTrace Information: 0 : 11544, 1, 2021/06/18, 22:17:53.119, 3501772031352, vstest.console.dll, AssemblyResolver.AddSearchDirectories: Adding more searchDirectories C:\Program Files\dotnet\sdk\5.0.301\Extensions,C:\Program Files\dotnet\sdk\5.0.301
TpTrace Information: 0 : 11544, 1, 2021/06/18, 22:17:53.120, 3501772034739, vstest.console.dll, AssemblyResolver.OnResolve: Microsoft.Diagnostics.NETCore.Client: Resolving assembly.
TpTrace Information: 0 : 11544, 1, 2021/06/18, 22:17:53.120, 3501772035477, vstest.console.dll, AssemblyResolver.OnResolve: Microsoft.Diagnostics.NETCore.Client: Searching in: 'C:\Program Files\dotnet\sdk\5.0.301\Extensions'.
TpTrace Information: 0 : 11544, 1, 2021/06/18, 22:17:53.120, 3501772040244, vstest.console.dll, AssemblyResolver.OnResolve: Microsoft.Diagnostics.NETCore.Client: Loading assembly 'C:\Program Files\dotnet\sdk\5.0.301\Extensions\Microsoft.Diagnostics.NETCore.Client.dll'.
TpTrace Information: 0 : 11544, 1, 2021/06/18, 22:17:53.121, 3501772047336, vstest.console.dll, AssemblyResolver.OnResolve: Resolved assembly: Microsoft.Diagnostics.NETCore.Client, from path: C:\Program Files\dotnet\sdk\5.0.301\Extensions\Microsoft.Diagnostics.NETCore.Client.dll
TpTrace Information: 0 : 11544, 1, 2021/06/18, 22:17:53.124, 3501772077527, vstest.console.dll, AssemblyResolver.OnResolve: Microsoft.Bcl.AsyncInterfaces: Resolving assembly.
TpTrace Information: 0 : 11544, 1, 2021/06/18, 22:17:53.124, 3501772078288, vstest.console.dll, AssemblyResolver.OnResolve: Microsoft.Bcl.AsyncInterfaces: Searching in: 'C:\Program Files\dotnet\sdk\5.0.301\Extensions'.
TpTrace Information: 0 : 11544, 1, 2021/06/18, 22:17:53.124, 3501772079299, vstest.console.dll, AssemblyResolver.OnResolve: Microsoft.Bcl.AsyncInterfaces: Assembly path does not exist: 'C:\Program Files\dotnet\sdk\5.0.301\Extensions\Microsoft.Bcl.AsyncInterfaces.dll', returning.
TpTrace Information: 0 : 11544, 1, 2021/06/18, 22:17:53.124, 3501772080238, vstest.console.dll, AssemblyResolver.OnResolve: Microsoft.Bcl.AsyncInterfaces: Assembly path does not exist: 'C:\Program Files\dotnet\sdk\5.0.301\Extensions\Microsoft.Bcl.AsyncInterfaces.exe', returning.
TpTrace Information: 0 : 11544, 1, 2021/06/18, 22:17:53.124, 3501772080623, vstest.console.dll, AssemblyResolver.OnResolve: Microsoft.Bcl.AsyncInterfaces: Searching in: 'C:\Program Files\dotnet\sdk\5.0.301'.
TpTrace Information: 0 : 11544, 1, 2021/06/18, 22:17:53.124, 3501772081416, vstest.console.dll, AssemblyResolver.OnResolve: Microsoft.Bcl.AsyncInterfaces: Assembly path does not exist: 'C:\Program Files\dotnet\sdk\5.0.301\Microsoft.Bcl.AsyncInterfaces.dll', returning.
TpTrace Information: 0 : 11544, 1, 2021/06/18, 22:17:53.124, 3501772082220, vstest.console.dll, AssemblyResolver.OnResolve: Microsoft.Bcl.AsyncInterfaces: Assembly path does not exist: 'C:\Program Files\dotnet\sdk\5.0.301\Microsoft.Bcl.AsyncInterfaces.exe', returning.
TpTrace Information: 0 : 11544, 1, 2021/06/18, 22:17:53.124, 3501772082990, vstest.console.dll, AssemblyResolver.OnResolve: Microsoft.Bcl.AsyncInterfaces: Failed to load assembly.
TpTrace Verbose: 0 : 11544, 1, 2021/06/18, 22:17:53.124, 3501772083477, vstest.console.dll, CurrentDomainAssemblyResolve: Resolving assembly 'Microsoft.Bcl.AsyncInterfaces'.
TpTrace Information: 0 : 11544, 1, 2021/06/18, 22:17:53.125, 3501772084081, vstest.console.dll, AssemblyResolver.OnResolve: Microsoft.Bcl.AsyncInterfaces: Resolving assembly.
TpTrace Information: 0 : 11544, 1, 2021/06/18, 22:17:53.125, 3501772084476, vstest.console.dll, AssemblyResolver.OnResolve: Microsoft.Bcl.AsyncInterfaces: Resolved from cache.
TpTrace Verbose: 0 : 11544, 1, 2021/06/18, 22:17:53.125, 3501772084777, vstest.console.dll, CurrentDomainAssemblyResolve: Resolving assembly 'Microsoft.Bcl.AsyncInterfaces'.
TpTrace Verbose: 0 : 11544, 1, 2021/06/18, 22:17:53.125, 3501772085104, vstest.console.dll, CurrentDomainAssemblyResolve: Failed to resolve assembly 'Microsoft.Bcl.AsyncInterfaces'.
TpTrace Verbose: 0 : 11544, 1, 2021/06/18, 22:17:53.125, 3501772094001, vstest.console.dll, CurrentDomainAssemblyResolve: Failed to resolve assembly 'Microsoft.Bcl.AsyncInterfaces'.
TpTrace Warning: 0 : 11544, 1, 2021/06/18, 22:17:53.142, 3501772258421, vstest.console.dll, TestPluginDiscoverer: Failed to get types from assembly 'Microsoft.Diagnostics.NETCore.Client, Version=0.2.2.41902, Culture=neutral, PublicKeyToken=31bf3856ad364e35'.  Skipping test extension scan for this assembly.  Error: System.Reflection.ReflectionTypeLoadException: Unable to load one or more of the requested types.
Could not load file or assembly 'Microsoft.Bcl.AsyncInterfaces, Version=1.0.0.0, Culture=neutral, PublicKeyToken=cc7b13ffcd2ddd51'. The system cannot find the file specified.
   at System.Reflection.RuntimeModule.GetTypes(RuntimeModule module)
   at System.Reflection.RuntimeModule.GetTypes()
   at System.Reflection.Assembly.GetTypes()
   at Microsoft.VisualStudio.TestPlatform.Common.ExtensionFramework.TestPluginDiscoverer.GetTestExtensionsFromAssembly[TPluginInfo,TExtension](Assembly assembly, Dictionary`2 pluginInfos)
System.IO.FileNotFoundException: Could not load file or assembly 'Microsoft.Bcl.AsyncInterfaces, Version=1.0.0.0, Culture=neutral, PublicKeyToken=cc7b13ffcd2ddd51'. The system cannot find the file specified.
File name: 'Microsoft.Bcl.AsyncInterfaces, Version=1.0.0.0, Culture=neutral, PublicKeyToken=cc7b13ffcd2ddd51'
TpTrace Warning: 0 : 11544, 1, 2021/06/18, 22:17:53.142, 3501772259576, vstest.console.dll, LoaderExceptions: System.IO.FileNotFoundException: Could not load file or assembly 'Microsoft.Bcl.AsyncInterfaces, Version=1.0.0.0, Culture=neutral, PublicKeyToken=cc7b13ffcd2ddd51'. The system cannot find the file specified.
File name: 'Microsoft.Bcl.AsyncInterfaces, Version=1.0.0.0, Culture=neutral, PublicKeyToken=cc7b13ffcd2ddd51'
TpTrace Information: 0 : 11544, 1, 2021/06/18, 22:17:53.142, 3501772260661, vstest.console.dll, AssemblyResolver.OnResolve: Microsoft.TestPlatform.Extensions.BlameDataCollector: Resolving assembly.
TpTrace Information: 0 : 11544, 1, 2021/06/18, 22:17:53.142, 3501772261107, vstest.console.dll, AssemblyResolver.OnResolve: Microsoft.TestPlatform.Extensions.BlameDataCollector: Searching in: 'C:\Program Files\dotnet\sdk\5.0.301\Extensions'.
TpTrace Information: 0 : 11544, 1, 2021/06/18, 22:17:53.143, 3501772264537, vstest.console.dll, AssemblyResolver.OnResolve: Microsoft.TestPlatform.Extensions.BlameDataCollector: Loading assembly 'C:\Program Files\dotnet\sdk\5.0.301\Extensions\Microsoft.TestPlatform.Extensions.BlameDataCollector.dll'.
TpTrace Information: 0 : 11544, 1, 2021/06/18, 22:17:53.143, 3501772271391, vstest.console.dll, AssemblyResolver.OnResolve: Resolved assembly: Microsoft.TestPlatform.Extensions.BlameDataCollector, from path: C:\Program Files\dotnet\sdk\5.0.301\Extensions\Microsoft.TestPlatform.Extensions.BlameDataCollector.dll
TpTrace Information: 0 : 11544, 1, 2021/06/18, 22:17:53.144, 3501772277315, vstest.console.dll, AssemblyResolver.OnResolve: Microsoft.TestPlatform.Extensions.EventLogCollector: Resolving assembly.
TpTrace Information: 0 : 11544, 1, 2021/06/18, 22:17:53.144, 3501772277974, vstest.console.dll, AssemblyResolver.OnResolve: Microsoft.TestPlatform.Extensions.EventLogCollector: Searching in: 'C:\Program Files\dotnet\sdk\5.0.301\Extensions'.
TpTrace Information: 0 : 11544, 1, 2021/06/18, 22:17:53.144, 3501772281101, vstest.console.dll, AssemblyResolver.OnResolve: Microsoft.TestPlatform.Extensions.EventLogCollector: Loading assembly 'C:\Program Files\dotnet\sdk\5.0.301\Extensions\Microsoft.TestPlatform.Extensions.EventLogCollector.dll'.
TpTrace Information: 0 : 11544, 1, 2021/06/18, 22:17:53.145, 3501772286658, vstest.console.dll, AssemblyResolver.OnResolve: Resolved assembly: Microsoft.TestPlatform.Extensions.EventLogCollector, from path: C:\Program Files\dotnet\sdk\5.0.301\Extensions\Microsoft.TestPlatform.Extensions.EventLogCollector.dll
TpTrace Information: 0 : 11544, 1, 2021/06/18, 22:17:53.147, 3501772306188, vstest.console.dll, AssemblyResolver.OnResolve: Microsoft.TestPlatform.TestHostRuntimeProvider: Resolving assembly.
TpTrace Information: 0 : 11544, 1, 2021/06/18, 22:17:53.147, 3501772306834, vstest.console.dll, AssemblyResolver.OnResolve: Microsoft.TestPlatform.TestHostRuntimeProvider: Searching in: 'C:\Program Files\dotnet\sdk\5.0.301\Extensions'.
TpTrace Information: 0 : 11544, 1, 2021/06/18, 22:17:53.147, 3501772310262, vstest.console.dll, AssemblyResolver.OnResolve: Microsoft.TestPlatform.TestHostRuntimeProvider: Loading assembly 'C:\Program Files\dotnet\sdk\5.0.301\Extensions\Microsoft.TestPlatform.TestHostRuntimeProvider.dll'.
TpTrace Information: 0 : 11544, 1, 2021/06/18, 22:17:53.148, 3501772316323, vstest.console.dll, AssemblyResolver.OnResolve: Resolved assembly: Microsoft.TestPlatform.TestHostRuntimeProvider, from path: C:\Program Files\dotnet\sdk\5.0.301\Extensions\Microsoft.TestPlatform.TestHostRuntimeProvider.dll
TpTrace Information: 0 : 11544, 1, 2021/06/18, 22:17:53.149, 3501772328364, vstest.console.dll, AssemblyResolver.OnResolve: Microsoft.VisualStudio.TestPlatform.Extensions.Html.TestLogger: Resolving assembly.
TpTrace Information: 0 : 11544, 1, 2021/06/18, 22:17:53.149, 3501772328988, vstest.console.dll, AssemblyResolver.OnResolve: Microsoft.VisualStudio.TestPlatform.Extensions.Html.TestLogger: Searching in: 'C:\Program Files\dotnet\sdk\5.0.301\Extensions'.
TpTrace Information: 0 : 11544, 1, 2021/06/18, 22:17:53.149, 3501772332165, vstest.console.dll, AssemblyResolver.OnResolve: Microsoft.VisualStudio.TestPlatform.Extensions.Html.TestLogger: Loading assembly 'C:\Program Files\dotnet\sdk\5.0.301\Extensions\Microsoft.VisualStudio.TestPlatform.Extensions.Html.TestLogger.dll'.
TpTrace Information: 0 : 11544, 1, 2021/06/18, 22:17:53.151, 3501772344692, vstest.console.dll, AssemblyResolver.OnResolve: Resolved assembly: Microsoft.VisualStudio.TestPlatform.Extensions.Html.TestLogger, from path: C:\Program Files\dotnet\sdk\5.0.301\Extensions\Microsoft.VisualStudio.TestPlatform.Extensions.Html.TestLogger.dll
TpTrace Information: 0 : 11544, 1, 2021/06/18, 22:17:53.151, 3501772347717, vstest.console.dll, AssemblyResolver.OnResolve: Microsoft.VisualStudio.TestPlatform.Extensions.Trx.TestLogger: Resolving assembly.
TpTrace Information: 0 : 11544, 1, 2021/06/18, 22:17:53.151, 3501772348378, vstest.console.dll, AssemblyResolver.OnResolve: Microsoft.VisualStudio.TestPlatform.Extensions.Trx.TestLogger: Searching in: 'C:\Program Files\dotnet\sdk\5.0.301\Extensions'.
TpTrace Information: 0 : 11544, 1, 2021/06/18, 22:17:53.151, 3501772351509, vstest.console.dll, AssemblyResolver.OnResolve: Microsoft.VisualStudio.TestPlatform.Extensions.Trx.TestLogger: Loading assembly 'C:\Program Files\dotnet\sdk\5.0.301\Extensions\Microsoft.VisualStudio.TestPlatform.Extensions.Trx.TestLogger.dll'.
TpTrace Information: 0 : 11544, 1, 2021/06/18, 22:17:53.153, 3501772364666, vstest.console.dll, AssemblyResolver.OnResolve: Resolved assembly: Microsoft.VisualStudio.TestPlatform.Extensions.Trx.TestLogger, from path: C:\Program Files\dotnet\sdk\5.0.301\Extensions\Microsoft.VisualStudio.TestPlatform.Extensions.Trx.TestLogger.dll
TpTrace Verbose: 0 : 11544, 1, 2021/06/18, 22:17:53.153, 3501772370110, vstest.console.dll, TestPluginCache: Discovered the extensions using extension path ''.
TpTrace Verbose: 0 : 11544, 1, 2021/06/18, 22:17:53.153, 3501772370722, vstest.console.dll, TestPluginCache: Discoverers are ''.
TpTrace Verbose: 0 : 11544, 1, 2021/06/18, 22:17:53.153, 3501772371008, vstest.console.dll, TestPluginCache: Executors are ''.
TpTrace Verbose: 0 : 11544, 1, 2021/06/18, 22:17:53.153, 3501772371243, vstest.console.dll, TestPluginCache: Executors2 are ''.
TpTrace Verbose: 0 : 11544, 1, 2021/06/18, 22:17:53.153, 3501772371528, vstest.console.dll, TestPluginCache: Setting providers are ''.
TpTrace Verbose: 0 : 11544, 1, 2021/06/18, 22:17:53.153, 3501772371754, vstest.console.dll, TestPluginCache: Loggers are ''.
TpTrace Information: 0 : 11544, 1, 2021/06/18, 22:17:53.158, 3501772420450, vstest.console.dll, RunTestsArgumentProcessor:Execute: Test run is starting.
TpTrace Verbose: 0 : 11544, 1, 2021/06/18, 22:17:53.158, 3501772421075, vstest.console.dll, RunTestsArgumentProcessor:Execute: Queuing Test run.
TpTrace Information: 0 : 11544, 1, 2021/06/18, 22:17:53.158, 3501772422911, vstest.console.dll, TestRequestManager.RunTests: run tests started.
TpTrace Information: 0 : 11544, 1, 2021/06/18, 22:17:53.161, 3501772453295, vstest.console.dll, AssemblyMetadataProvider.GetFrameWork: Determined framework:'.NETCoreApp,Version=v3.1' for source: 'C:\Projects\Siemens\tiny-jewelry-store\JewelleryStore\JewelleryStore.Tests\bin\Debug\netcoreapp3.1\fine-code-coverage\build-output\JewelleryStore.Tests.dll'
TpTrace Information: 0 : 11544, 1, 2021/06/18, 22:17:53.162, 3501772454795, vstest.console.dll, Determined framework for all sources: .NETCoreApp,Version=v3.1
TpTrace Information: 0 : 11544, 1, 2021/06/18, 22:17:53.162, 3501772459474, vstest.console.dll, AssemblyMetadataProvider.GetArchitecture: Determined architecture:AnyCPU info for assembly: C:\Projects\Siemens\tiny-jewelry-store\JewelleryStore\JewelleryStore.Tests\bin\Debug\netcoreapp3.1\fine-code-coverage\build-output\JewelleryStore.Tests.dll
TpTrace Information: 0 : 11544, 1, 2021/06/18, 22:17:53.164, 3501772479165, vstest.console.dll, Determined platform for all sources: X64
TpTrace Information: 0 : 11544, 1, 2021/06/18, 22:17:53.167, 3501772506726, vstest.console.dll, Compatible sources list : 
TpTrace Information: 0 : 11544, 1, 2021/06/18, 22:17:53.167, 3501772507522, vstest.console.dll, C:\Projects\Siemens\tiny-jewelry-store\JewelleryStore\JewelleryStore.Tests\bin\Debug\netcoreapp3.1\fine-code-coverage\build-output\JewelleryStore.Tests.dll
TpTrace Information: 0 : 11544, 1, 2021/06/18, 22:17:53.169, 3501772527087, vstest.console.dll, InferRunSettingsHelper.IsTestSettingsEnabled: Unable to navigate to RunSettings/MSTest. Current node: RunSettings
TpTrace Information: 0 : 11544, 1, 2021/06/18, 22:17:53.169, 3501772533329, vstest.console.dll, AssemblyResolver.OnResolve: Microsoft.VisualStudio.TestPlatform.Fakes: Resolving assembly.
TpTrace Information: 0 : 11544, 1, 2021/06/18, 22:17:53.169, 3501772533999, vstest.console.dll, AssemblyResolver.OnResolve: Microsoft.VisualStudio.TestPlatform.Fakes: Searching in: 'C:\Program Files\dotnet\sdk\5.0.301\Extensions'.
TpTrace Information: 0 : 11544, 1, 2021/06/18, 22:17:53.170, 3501772535170, vstest.console.dll, AssemblyResolver.OnResolve: Microsoft.VisualStudio.TestPlatform.Fakes: Assembly path does not exist: 'C:\Program Files\dotnet\sdk\5.0.301\Extensions\Microsoft.VisualStudio.TestPlatform.Fakes.dll', returning.
TpTrace Information: 0 : 11544, 1, 2021/06/18, 22:17:53.170, 3501772536076, vstest.console.dll, AssemblyResolver.OnResolve: Microsoft.VisualStudio.TestPlatform.Fakes: Assembly path does not exist: 'C:\Program Files\dotnet\sdk\5.0.301\Extensions\Microsoft.VisualStudio.TestPlatform.Fakes.exe', returning.
TpTrace Information: 0 : 11544, 1, 2021/06/18, 22:17:53.170, 3501772536936, vstest.console.dll, AssemblyResolver.OnResolve: Microsoft.VisualStudio.TestPlatform.Fakes: Searching in: 'C:\Program Files\dotnet\sdk\5.0.301'.
TpTrace Information: 0 : 11544, 1, 2021/06/18, 22:17:53.170, 3501772537936, vstest.console.dll, AssemblyResolver.OnResolve: Microsoft.VisualStudio.TestPlatform.Fakes: Assembly path does not exist: 'C:\Program Files\dotnet\sdk\5.0.301\Microsoft.VisualStudio.TestPlatform.Fakes.dll', returning.
TpTrace Information: 0 : 11544, 1, 2021/06/18, 22:17:53.170, 3501772538977, vstest.console.dll, AssemblyResolver.OnResolve: Microsoft.VisualStudio.TestPlatform.Fakes: Assembly path does not exist: 'C:\Program Files\dotnet\sdk\5.0.301\Microsoft.VisualStudio.TestPlatform.Fakes.exe', returning.
TpTrace Information: 0 : 11544, 1, 2021/06/18, 22:17:53.170, 3501772539341, vstest.console.dll, AssemblyResolver.OnResolve: Microsoft.VisualStudio.TestPlatform.Fakes: Failed to load assembly.
TpTrace Information: 0 : 11544, 1, 2021/06/18, 22:17:53.170, 3501772543188, vstest.console.dll, Failed to create newly implemented Fakes Configurator. Reason:System.IO.FileNotFoundException: Could not load file or assembly 'Microsoft.VisualStudio.TestPlatform.Fakes, Version=16.0.0.0, Culture=neutral, PublicKeyToken=null'. The system cannot find the file specified.
File name: 'Microsoft.VisualStudio.TestPlatform.Fakes, Version=16.0.0.0, Culture=neutral, PublicKeyToken=null'
   at System.Reflection.RuntimeAssembly.InternalLoad(ObjectHandleOnStack assemblyName, ObjectHandleOnStack requestingAssembly, StackCrawlMarkHandle stackMark, Boolean throwOnFileNotFound, ObjectHandleOnStack assemblyLoadContext, ObjectHandleOnStack retAssembly)
   at System.Reflection.RuntimeAssembly.InternalLoad(AssemblyName assemblyName, RuntimeAssembly requestingAssembly, StackCrawlMark& stackMark, Boolean throwOnFileNotFound, AssemblyLoadContext assemblyLoadContext)
   at System.Reflection.Assembly.Load(AssemblyName assemblyRef)
   at Microsoft.VisualStudio.TestPlatform.Common.Utilities.FakesUtilities.TryGetFakesCrossPlatformDataCollectorConfigurator() 
TpTrace Verbose: 0 : 11544, 1, 2021/06/18, 22:17:53.174, 3501772581588, vstest.console.dll, TestPluginCache.DiscoverTestExtensions: finding test extensions in assemblies ends with: TestLogger.dll TPluginInfo: Microsoft.VisualStudio.TestPlatform.Common.ExtensionFramework.Utilities.TestLoggerPluginInformation TExtension: Microsoft.VisualStudio.TestPlatform.ObjectModel.Client.ITestLogger
TpTrace Verbose: 0 : 11544, 1, 2021/06/18, 22:17:53.174, 3501772582626, vstest.console.dll, TestPluginCache.GetExtensionPaths: Filtered extension paths: 
TpTrace Verbose: 0 : 11544, 1, 2021/06/18, 22:17:53.174, 3501772583053, vstest.console.dll, TestPluginCache.GetExtensionPaths: Added default extension paths: C:\Program Files\dotnet\sdk\5.0.301\Extensions\Microsoft.Diagnostics.NETCore.Client.dll
C:\Program Files\dotnet\sdk\5.0.301\Extensions\Microsoft.TestPlatform.Extensions.BlameDataCollector.dll
C:\Program Files\dotnet\sdk\5.0.301\Extensions\Microsoft.TestPlatform.Extensions.EventLogCollector.dll
C:\Program Files\dotnet\sdk\5.0.301\Extensions\Microsoft.TestPlatform.TestHostRuntimeProvider.dll
C:\Program Files\dotnet\sdk\5.0.301\Extensions\Microsoft.VisualStudio.TestPlatform.Extensions.Html.TestLogger.dll
C:\Program Files\dotnet\sdk\5.0.301\Extensions\Microsoft.VisualStudio.TestPlatform.Extensions.Trx.TestLogger.dll
TpTrace Verbose: 0 : 11544, 1, 2021/06/18, 22:17:53.174, 3501772583468, vstest.console.dll, TestPluginCache.GetExtensionPaths: Added unfilterableExtensionPaths: 
TpTrace Information: 0 : 11544, 1, 2021/06/18, 22:17:53.175, 3501772585344, vstest.console.dll, AssemblyResolver.AddSearchDirectories: Adding more searchDirectories C:\Program Files\dotnet\sdk\5.0.301\Extensions,C:\Program Files\dotnet\sdk\5.0.301
TpTrace Verbose: 0 : 11544, 1, 2021/06/18, 22:17:53.175, 3501772585955, vstest.console.dll, TestPluginCache.DiscoverTestExtensions: Discovering the extensions using extension path.
TpTrace Verbose: 0 : 11544, 1, 2021/06/18, 22:17:53.175, 3501772586962, vstest.console.dll, TestPluginCache.GetExtensionPaths: Filtered extension paths: 
TpTrace Verbose: 0 : 11544, 1, 2021/06/18, 22:17:53.175, 3501772587445, vstest.console.dll, TestPluginCache.GetExtensionPaths: Added default extension paths: C:\Program Files\dotnet\sdk\5.0.301\Extensions\Microsoft.Diagnostics.NETCore.Client.dll
C:\Program Files\dotnet\sdk\5.0.301\Extensions\Microsoft.TestPlatform.Extensions.BlameDataCollector.dll
C:\Program Files\dotnet\sdk\5.0.301\Extensions\Microsoft.TestPlatform.Extensions.EventLogCollector.dll
C:\Program Files\dotnet\sdk\5.0.301\Extensions\Microsoft.TestPlatform.TestHostRuntimeProvider.dll
C:\Program Files\dotnet\sdk\5.0.301\Extensions\Microsoft.VisualStudio.TestPlatform.Extensions.Html.TestLogger.dll
C:\Program Files\dotnet\sdk\5.0.301\Extensions\Microsoft.VisualStudio.TestPlatform.Extensions.Trx.TestLogger.dll
TpTrace Verbose: 0 : 11544, 1, 2021/06/18, 22:17:53.175, 3501772587807, vstest.console.dll, TestPluginCache.GetExtensionPaths: Added unfilterableExtensionPaths: 
TpTrace Verbose: 0 : 11544, 1, 2021/06/18, 22:17:53.175, 3501772588256, vstest.console.dll, TestPluginCache.DiscoverTestExtensions: Discovering the extensions using allExtensionPaths: C:\Program Files\dotnet\sdk\5.0.301\Extensions\Microsoft.Diagnostics.NETCore.Client.dll
C:\Program Files\dotnet\sdk\5.0.301\Extensions\Microsoft.TestPlatform.Extensions.BlameDataCollector.dll
C:\Program Files\dotnet\sdk\5.0.301\Extensions\Microsoft.TestPlatform.Extensions.EventLogCollector.dll
C:\Program Files\dotnet\sdk\5.0.301\Extensions\Microsoft.TestPlatform.TestHostRuntimeProvider.dll
C:\Program Files\dotnet\sdk\5.0.301\Extensions\Microsoft.VisualStudio.TestPlatform.Extensions.Html.TestLogger.dll
C:\Program Files\dotnet\sdk\5.0.301\Extensions\Microsoft.VisualStudio.TestPlatform.Extensions.Trx.TestLogger.dll
TpTrace Information: 0 : 11544, 1, 2021/06/18, 22:17:53.175, 3501772588830, vstest.console.dll, AssemblyResolver.AddSearchDirectories: Adding more searchDirectories C:\Program Files\dotnet\sdk\5.0.301\Extensions,C:\Program Files\dotnet\sdk\5.0.301
TpTrace Information: 0 : 11544, 1, 2021/06/18, 22:17:53.175, 3501772589222, vstest.console.dll, AssemblyResolver.AddSearchDirectories: Adding more searchDirectories C:\Program Files\dotnet\sdk\5.0.301\Extensions,C:\Program Files\dotnet\sdk\5.0.301
TpTrace Information: 0 : 11544, 1, 2021/06/18, 22:17:53.175, 3501772589550, vstest.console.dll, AssemblyResolver.AddSearchDirectories: Adding more searchDirectories C:\Program Files\dotnet\sdk\5.0.301\Extensions,C:\Program Files\dotnet\sdk\5.0.301
TpTrace Information: 0 : 11544, 1, 2021/06/18, 22:17:53.175, 3501772589866, vstest.console.dll, AssemblyResolver.AddSearchDirectories: Adding more searchDirectories C:\Program Files\dotnet\sdk\5.0.301\Extensions,C:\Program Files\dotnet\sdk\5.0.301
TpTrace Information: 0 : 11544, 1, 2021/06/18, 22:17:53.175, 3501772590234, vstest.console.dll, AssemblyResolver.AddSearchDirectories: Adding more searchDirectories C:\Program Files\dotnet\sdk\5.0.301\Extensions,C:\Program Files\dotnet\sdk\5.0.301
TpTrace Information: 0 : 11544, 1, 2021/06/18, 22:17:53.175, 3501772590552, vstest.console.dll, AssemblyResolver.AddSearchDirectories: Adding more searchDirectories C:\Program Files\dotnet\sdk\5.0.301\Extensions,C:\Program Files\dotnet\sdk\5.0.301
TpTrace Information: 0 : 11544, 1, 2021/06/18, 22:17:53.175, 3501772593288, vstest.console.dll, AssemblyResolver.OnResolve: Microsoft.Bcl.AsyncInterfaces: Resolving assembly.
TpTrace Information: 0 : 11544, 1, 2021/06/18, 22:17:53.175, 3501772593986, vstest.console.dll, AssemblyResolver.OnResolve: Microsoft.Bcl.AsyncInterfaces: Resolved from cache.
TpTrace Verbose: 0 : 11544, 1, 2021/06/18, 22:17:53.176, 3501772594378, vstest.console.dll, CurrentDomainAssemblyResolve: Resolving assembly 'Microsoft.Bcl.AsyncInterfaces'.
TpTrace Information: 0 : 11544, 1, 2021/06/18, 22:17:53.176, 3501772594975, vstest.console.dll, AssemblyResolver.OnResolve: Microsoft.Bcl.AsyncInterfaces: Resolving assembly.
TpTrace Information: 0 : 11544, 1, 2021/06/18, 22:17:53.176, 3501772595376, vstest.console.dll, AssemblyResolver.OnResolve: Microsoft.Bcl.AsyncInterfaces: Resolved from cache.
TpTrace Verbose: 0 : 11544, 1, 2021/06/18, 22:17:53.176, 3501772595744, vstest.console.dll, CurrentDomainAssemblyResolve: Resolving assembly 'Microsoft.Bcl.AsyncInterfaces'.
TpTrace Verbose: 0 : 11544, 1, 2021/06/18, 22:17:53.176, 3501772596051, vstest.console.dll, CurrentDomainAssemblyResolve: Failed to resolve assembly 'Microsoft.Bcl.AsyncInterfaces'.
TpTrace Verbose: 0 : 11544, 1, 2021/06/18, 22:17:53.176, 3501772597502, vstest.console.dll, CurrentDomainAssemblyResolve: Failed to resolve assembly 'Microsoft.Bcl.AsyncInterfaces'.
TpTrace Warning: 0 : 11544, 1, 2021/06/18, 22:17:53.176, 3501772600141, vstest.console.dll, TestPluginDiscoverer: Failed to get types from assembly 'Microsoft.Diagnostics.NETCore.Client, Version=0.2.2.41902, Culture=neutral, PublicKeyToken=31bf3856ad364e35'.  Skipping test extension scan for this assembly.  Error: System.Reflection.ReflectionTypeLoadException: Unable to load one or more of the requested types.
Could not load file or assembly 'Microsoft.Bcl.AsyncInterfaces, Version=1.0.0.0, Culture=neutral, PublicKeyToken=cc7b13ffcd2ddd51'. The system cannot find the file specified.
   at System.Reflection.RuntimeModule.GetTypes(RuntimeModule module)
   at System.Reflection.RuntimeModule.GetTypes()
   at System.Reflection.Assembly.GetTypes()
   at Microsoft.VisualStudio.TestPlatform.Common.ExtensionFramework.TestPluginDiscoverer.GetTestExtensionsFromAssembly[TPluginInfo,TExtension](Assembly assembly, Dictionary`2 pluginInfos)
System.IO.FileNotFoundException: Could not load file or assembly 'Microsoft.Bcl.AsyncInterfaces, Version=1.0.0.0, Culture=neutral, PublicKeyToken=cc7b13ffcd2ddd51'. The system cannot find the file specified.
File name: 'Microsoft.Bcl.AsyncInterfaces, Version=1.0.0.0, Culture=neutral, PublicKeyToken=cc7b13ffcd2ddd51'
TpTrace Warning: 0 : 11544, 1, 2021/06/18, 22:17:53.176, 3501772600692, vstest.console.dll, LoaderExceptions: System.IO.FileNotFoundException: Could not load file or assembly 'Microsoft.Bcl.AsyncInterfaces, Version=1.0.0.0, Culture=neutral, PublicKeyToken=cc7b13ffcd2ddd51'. The system cannot find the file specified.
File name: 'Microsoft.Bcl.AsyncInterfaces, Version=1.0.0.0, Culture=neutral, PublicKeyToken=cc7b13ffcd2ddd51'
TpTrace Verbose: 0 : 11544, 1, 2021/06/18, 22:17:53.177, 3501772604205, vstest.console.dll, TestPluginCache: Discovered the extensions using extension path ''.
TpTrace Verbose: 0 : 11544, 1, 2021/06/18, 22:17:53.177, 3501772604730, vstest.console.dll, TestPluginCache: Discoverers are ''.
TpTrace Verbose: 0 : 11544, 1, 2021/06/18, 22:17:53.177, 3501772604987, vstest.console.dll, TestPluginCache: Executors are ''.
TpTrace Verbose: 0 : 11544, 1, 2021/06/18, 22:17:53.177, 3501772605266, vstest.console.dll, TestPluginCache: Executors2 are ''.
TpTrace Verbose: 0 : 11544, 1, 2021/06/18, 22:17:53.177, 3501772605490, vstest.console.dll, TestPluginCache: Setting providers are ''.
TpTrace Verbose: 0 : 11544, 1, 2021/06/18, 22:17:53.177, 3501772606095, vstest.console.dll, TestPluginCache: Loggers are 'logger://Microsoft/TestPlatform/Extensions/Blame/v1,logger://Microsoft/TestPlatform/HtmlLogger/v1,logger://Microsoft/TestPlatform/TrxLogger/v1'.
TpTrace Information: 0 : 11544, 1, 2021/06/18, 22:17:53.177, 3501772612392, vstest.console.dll, TestPluginManager.CreateTestExtension: Attempting to load test extension: Microsoft.TestPlatform.Extensions.BlameDataCollector.BlameLogger
TpTrace Information: 0 : 11544, 1, 2021/06/18, 22:17:53.187, 3501772710312, vstest.console.dll, TestPluginManager.CreateTestExtension: Attempting to load test extension: Microsoft.VisualStudio.TestPlatform.CrossPlatEngine.Hosting.DefaultTestHostManager
TpTrace Information: 0 : 11544, 1, 2021/06/18, 22:17:53.187, 3501772713303, vstest.console.dll, TestPluginManager.CreateTestExtension: Attempting to load test extension: Microsoft.VisualStudio.TestPlatform.CrossPlatEngine.Hosting.DotnetTestHostManager
TpTrace Verbose: 0 : 11544, 1, 2021/06/18, 22:17:53.188, 3501772718481, vstest.console.dll, TestEngine: Initializing Parallel Execution as MaxCpuCount is set to: 1
TpTrace Information: 0 : 11544, 1, 2021/06/18, 22:17:53.188, 3501772723669, vstest.console.dll, InferRunSettingsHelper.IsTestSettingsEnabled: Unable to navigate to RunSettings/MSTest. Current node: RunSettings
TpTrace Verbose: 0 : 11544, 1, 2021/06/18, 22:17:53.201, 3501772849653, vstest.console.dll, TestRequestSender is acting as server
TpTrace Verbose: 0 : 11544, 4, 2021/06/18, 22:17:53.204, 3501772880003, vstest.console.dll, DataCollectionRequestSender.InitializeCommunication : Initialize communication. 
TpTrace Information: 0 : 11544, 4, 2021/06/18, 22:17:53.218, 3501773018908, vstest.console.dll, Listening on Endpoint : 127.0.0.1:59414
TpTrace Verbose: 0 : 11544, 4, 2021/06/18, 22:17:53.230, 3501773140599, vstest.console.dll, DotnetDataCollectionLauncher: Full path of dotnet.exe is C:\Program Files\dotnet\dotnet.exe
TpTrace Verbose: 0 : 11544, 4, 2021/06/18, 22:17:53.230, 3501773142570, vstest.console.dll, DotnetDataCollectionLauncher: Adding  --runtimeconfig "C:\Program Files\dotnet\sdk\5.0.301\datacollector.runtimeconfig.json" in args
TpTrace Verbose: 0 : 11544, 4, 2021/06/18, 22:17:53.230, 3501773143705, vstest.console.dll, DotnetDataCollectionLauncher: Adding  --depsfile "C:\Program Files\dotnet\sdk\5.0.301\datacollector.deps.json" in args
TpTrace Information: 0 : 11544, 4, 2021/06/18, 22:17:53.239, 3501773228744, vstest.console.dll, ProxyDataCollectionManager.Initialize: Launched datacollector processId: 17196 port: 59414
TpTrace Information: 0 : 11544, 4, 2021/06/18, 22:17:53.239, 3501773230327, vstest.console.dll, ProxyDataCollectionManager.Initialize: waiting for connection with timeout: 90 seconds
TpTrace Verbose: 0 : 11544, 4, 2021/06/18, 22:17:53.239, 3501773231501, vstest.console.dll, DataCollectionRequestSender.WaitForRequestHandlerConnection : Waiting for connection with timeout: 90000
TpTrace Information: 0 : 11544, 7, 2021/06/18, 22:17:53.430, 3501775135971, vstest.console.dll, Using the buffer size of 16384 bytes
TpTrace Verbose: 0 : 11544, 4, 2021/06/18, 22:17:53.430, 3501775136832, vstest.console.dll, ProxyDataCollectionManager.InvokeDataCollectionServiceAction: Starting.
TpTrace Information: 0 : 11544, 7, 2021/06/18, 22:17:53.430, 3501775137200, vstest.console.dll, Accepted Client request and set the flag
TpTrace Information: 0 : 11544, 4, 2021/06/18, 22:17:53.430, 3501775138344, vstest.console.dll, ProxyDataCollectionManager.BeforeTestRunStart: Get environment variable and port for datacollector processId: 17196 port: 59414
TpTrace Verbose: 0 : 11544, 4, 2021/06/18, 22:17:53.430, 3501775140013, vstest.console.dll, DataCollectionRequestSender.SendBeforeTestRunStartAndGetResult : Send BeforeTestRunStart message with settingsXml <RunSettings><RunConfiguration><ResultsDirectory>C:\Projects\Siemens\tiny-jewelry-store\JewelleryStore\JewelleryStore.Tests\bin\Debug\netcoreapp3.1\fine-code-coverage\coverage-tool-output</ResultsDirectory><TargetPlatform>X64</TargetPlatform><TargetFrameworkVersion>.NETCoreApp,Version=v3.1</TargetFrameworkVersion><DesignMode>False</DesignMode><CollectSourceInformation>False</CollectSourceInformation><TestAdaptersPaths>C:\Program Files\dotnet\sdk\5.0.301\Extensions</TestAdaptersPaths></RunConfiguration><LoggerRunSettings><Loggers><Logger friendlyName="blame" enabled="True" /><Logger friendlyName="Console" uri="logger://microsoft/TestPlatform/ConsoleLogger/v1" assemblyQualifiedName="Microsoft.VisualStudio.TestPlatform.CommandLine.Internal.ConsoleLogger, vstest.console, Version=15.0.0.0, Culture=neutral, PublicKeyToken=b03f5f7f11d50a3a" codeBase="C:\Program Files\dotnet\sdk\5.0.301\vstest.console.dll" enabled="True" /></Loggers></LoggerRunSettings><DataCollectionRunSettings><DataCollectors><DataCollector friendlyName="blame" enabled="True"><Configuration><ResultsDirectory>C:\Projects\Siemens\tiny-jewelry-store\JewelleryStore\JewelleryStore.Tests\bin\Debug\netcoreapp3.1\fine-code-coverage\coverage-tool-output</ResultsDirectory></Configuration></DataCollector></DataCollectors></DataCollectionRunSettings></RunSettings> and sources System.Linq.Enumerable+Concat2Iterator`1[System.String]: 
TpTrace Verbose: 0 : 11544, 4, 2021/06/18, 22:17:53.520, 3501776038386, vstest.console.dll, DataCollectionRequestSender.SendBeforeTestRunStartAndGetResult : Received message: (DataCollection.SendMessage) -> {
  "FriendlyName": null,
  "Uri": null,
  "TestCaseId": "00000000-0000-0000-0000-000000000000",
  "Message": "Logging DataCollector Diagnostics in file: C:\\Projects\\Siemens\\tiny-jewelry-store\\JewelleryStore\\JewelleryStore.Tests\\bin\\Debug\\netcoreapp3.1\\fine-code-coverage\\coverage-tool-output\\diagnostics.datacollector.21-06-18_22-17-53_22539_4.log",
  "Level": 0
}
TpTrace Verbose: 0 : 11544, 4, 2021/06/18, 22:17:53.588, 3501776721256, vstest.console.dll, DataCollectionRequestSender.SendBeforeTestRunStartAndGetResult : Received message: (DataCollection.BeforeTestRunStartResult) -> {
  "EnvironmentVariables": {},
  "DataCollectionEventsPort": 59416
}
TpTrace Information: 0 : 11544, 4, 2021/06/18, 22:17:53.593, 3501776765149, vstest.console.dll, ProxyDataCollectionManager.BeforeTestRunStart: SendBeforeTestRunStartAndGetResult successful, env variable from datacollector:   and testhost port: 59416
TpTrace Information: 0 : 11544, 4, 2021/06/18, 22:17:53.593, 3501776765985, vstest.console.dll, ProxyDataCollectionManager.InvokeDataCollectionServiceAction: Completed.
TpTrace Verbose: 0 : 11544, 1, 2021/06/18, 22:17:53.593, 3501776767587, vstest.console.dll, TestRunRequest.ExecuteAsync: Creating test run request.
TpTrace Verbose: 0 : 11544, 1, 2021/06/18, 22:17:53.593, 3501776770906, vstest.console.dll, TestRunRequest.ExecuteAsync: Starting.
TpTrace Information: 0 : 11544, 1, 2021/06/18, 22:17:53.594, 3501776774255, vstest.console.dll, TestRunRequest.ExecuteAsync: Starting run with settings:TestRunCriteria:
   KeepAlive=False,FrequencyOfRunStatsChangeEvent=10,RunStatsChangeEventTimeout=00:00:01.5000000,TestCaseFilter=,TestExecutorLauncher=
   Settingsxml=<RunSettings>
  <RunConfiguration>
    <ResultsDirectory>C:\Projects\Siemens\tiny-jewelry-store\JewelleryStore\JewelleryStore.Tests\bin\Debug\netcoreapp3.1\fine-code-coverage\coverage-tool-output</ResultsDirectory>
    <TargetPlatform>X64</TargetPlatform>
    <TargetFrameworkVersion>.NETCoreApp,Version=v3.1</TargetFrameworkVersion>
    <DesignMode>False</DesignMode>
    <CollectSourceInformation>False</CollectSourceInformation>
  </RunConfiguration>
  <LoggerRunSettings>
    <Loggers>
      <Logger friendlyName="blame" enabled="True" />
      <Logger friendlyName="Console" uri="logger://microsoft/TestPlatform/ConsoleLogger/v1" assemblyQualifiedName="Microsoft.VisualStudio.TestPlatform.CommandLine.Internal.ConsoleLogger, vstest.console, Version=15.0.0.0, Culture=neutral, PublicKeyToken=b03f5f7f11d50a3a" codeBase="C:\Program Files\dotnet\sdk\5.0.301\vstest.console.dll" enabled="True" />
    </Loggers>
  </LoggerRunSettings>
  <DataCollectionRunSettings>
    <DataCollectors>
      <DataCollector friendlyName="blame" enabled="True">
        <Configuration>
          <ResultsDirectory>C:\Projects\Siemens\tiny-jewelry-store\JewelleryStore\JewelleryStore.Tests\bin\Debug\netcoreapp3.1\fine-code-coverage\coverage-tool-output</ResultsDirectory>
        </Configuration>
      </DataCollector>
    </DataCollectors>
  </DataCollectionRunSettings>
</RunSettings>

TpTrace Verbose: 0 : 11544, 1, 2021/06/18, 22:17:53.594, 3501776775040, vstest.console.dll, TestRunRequest.ExecuteAsync: Wait for the first run request is over.
TpTrace Verbose: 0 : 11544, 1, 2021/06/18, 22:17:53.594, 3501776780081, vstest.console.dll, ParallelProxyExecutionManager: Start execution. Total sources: 1
TpTrace Information: 0 : 11544, 1, 2021/06/18, 22:17:53.595, 3501776788346, vstest.console.dll, ProxyParallelExecutionManager: Triggering test run for next source: C:\Projects\Siemens\tiny-jewelry-store\JewelleryStore\JewelleryStore.Tests\bin\Debug\netcoreapp3.1\fine-code-coverage\build-output\JewelleryStore.Tests.dll
TpTrace Verbose: 0 : 11544, 4, 2021/06/18, 22:17:53.595, 3501776790248, vstest.console.dll, ParallelProxyExecutionManager: Execution started. Started clients: 1
TpTrace Verbose: 0 : 11544, 1, 2021/06/18, 22:17:53.595, 3501776790623, vstest.console.dll, ProxyParallelExecutionManager: No sources available for execution.
TpTrace Information: 0 : 11544, 1, 2021/06/18, 22:17:53.595, 3501776791563, vstest.console.dll, TestRunRequest.ExecuteAsync: Started.
TpTrace Verbose: 0 : 11544, 1, 2021/06/18, 22:17:53.595, 3501776792360, vstest.console.dll, TestRunRequest.WaitForCompletion: Waiting with timeout -1.
TpTrace Verbose: 0 : 11544, 4, 2021/06/18, 22:17:53.595, 3501776793094, vstest.console.dll, TestRunRequest:SendTestRunMessage: Starting.
TpTrace Information: 0 : 11544, 4, 2021/06/18, 22:17:53.596, 3501776794556, vstest.console.dll, TestRunRequest:SendTestRunMessage: Completed.
TpTrace Verbose: 0 : 11544, 4, 2021/06/18, 22:17:53.596, 3501776796763, vstest.console.dll, ProxyExecutionManager: Test host is always Lazy initialize.
TpTrace Verbose: 0 : 11544, 4, 2021/06/18, 22:17:53.596, 3501776799181, vstest.console.dll, TestRequestSender.InitializeCommunication: initialize communication. 
TpTrace Information: 0 : 11544, 4, 2021/06/18, 22:17:53.597, 3501776804691, vstest.console.dll, SocketServer.Start: Listening on endpoint : 127.0.0.1:59417
TpTrace Verbose: 0 : 11544, 4, 2021/06/18, 22:17:53.597, 3501776812788, vstest.console.dll, DotnetTestHostmanager: Adding  --runtimeconfig "C:\Projects\Siemens\tiny-jewelry-store\JewelleryStore\JewelleryStore.Tests\bin\Debug\netcoreapp3.1\fine-code-coverage\build-output\JewelleryStore.Tests.runtimeconfig.json" in args
TpTrace Verbose: 0 : 11544, 4, 2021/06/18, 22:17:53.598, 3501776814175, vstest.console.dll, DotnetTestHostmanager: Adding  --depsfile "C:\Projects\Siemens\tiny-jewelry-store\JewelleryStore\JewelleryStore.Tests\bin\Debug\netcoreapp3.1\fine-code-coverage\build-output\JewelleryStore.Tests.deps.json" in args
TpTrace Verbose: 0 : 11544, 4, 2021/06/18, 22:17:53.598, 3501776816664, vstest.console.dll, DotnetTestHostManager: Testhost.exe/testhost.x86.exe found at path: C:\Projects\Siemens\tiny-jewelry-store\JewelleryStore\JewelleryStore.Tests\bin\Debug\netcoreapp3.1\fine-code-coverage\build-output\testhost.exe
TpTrace Verbose: 0 : 11544, 4, 2021/06/18, 22:17:53.598, 3501776817291, vstest.console.dll, DotnetTestHostmanager: Full path of host exe is C:\Projects\Siemens\tiny-jewelry-store\JewelleryStore\JewelleryStore.Tests\bin\Debug\netcoreapp3.1\fine-code-coverage\build-output\testhost.exe
TpTrace Verbose: 0 : 11544, 6, 2021/06/18, 22:17:53.599, 3501776826452, vstest.console.dll, DotnetTestHostManager: Starting process 'C:\Projects\Siemens\tiny-jewelry-store\JewelleryStore\JewelleryStore.Tests\bin\Debug\netcoreapp3.1\fine-code-coverage\build-output\testhost.exe' with command line ' --runtimeconfig "C:\Projects\Siemens\tiny-jewelry-store\JewelleryStore\JewelleryStore.Tests\bin\Debug\netcoreapp3.1\fine-code-coverage\build-output\JewelleryStore.Tests.runtimeconfig.json" --depsfile "C:\Projects\Siemens\tiny-jewelry-store\JewelleryStore\JewelleryStore.Tests\bin\Debug\netcoreapp3.1\fine-code-coverage\build-output\JewelleryStore.Tests.deps.json" --port 59417 --endpoint 127.0.0.1:059417 --role client --parentprocessid 11544 --diag "C:\Projects\Siemens\tiny-jewelry-store\JewelleryStore\JewelleryStore.Tests\bin\Debug\netcoreapp3.1\fine-code-coverage\coverage-tool-output\diagnostics.host.21-06-18_22-17-53_59741_4.log" --tracelevel 4 --datacollectionport 59416 --telemetryoptedin false'
TpTrace Verbose: 0 : 11544, 6, 2021/06/18, 22:17:53.603, 3501776869055, vstest.console.dll, Test Runtime launched
TpTrace Verbose: 0 : 11544, 4, 2021/06/18, 22:17:53.604, 3501776877216, vstest.console.dll, TestRequestSender.WaitForRequestHandlerConnection: waiting for connection with timeout: 90000
TpTrace Verbose: 0 : 11544, 13, 2021/06/18, 22:17:53.874, 3501779578003, vstest.console.dll, SocketServer.OnClientConnected: Client connected for endPoint: 127.0.0.1:59417, starting MessageLoopAsync:
TpTrace Verbose: 0 : 11544, 13, 2021/06/18, 22:17:53.874, 3501779581215, vstest.console.dll, TcpClientExtensions.MessageLoopAsync: Polling on remoteEndPoint: 127.0.0.1:59418 localEndPoint: 127.0.0.1:59417
TpTrace Verbose: 0 : 11544, 13, 2021/06/18, 22:17:54.041, 3501781250889, vstest.console.dll, TcpClientExtensions.MessageLoopAsync: NotifyDataAvailable remoteEndPoint: 127.0.0.1:59418 localEndPoint: 127.0.0.1:59417
TpTrace Verbose: 0 : 11544, 13, 2021/06/18, 22:17:54.042, 3501781254202, vstest.console.dll, TestRequestSender.CheckVersionWithTestHost: onMessageReceived received message: (ProtocolVersion) -> 5
TpTrace Verbose: 0 : 11544, 13, 2021/06/18, 22:17:54.042, 3501781259303, vstest.console.dll, TcpClientExtensions.MessageLoopAsync: Polling on remoteEndPoint: 127.0.0.1:59418 localEndPoint: 127.0.0.1:59417
TpTrace Verbose: 0 : 11544, 4, 2021/06/18, 22:17:54.042, 3501781260691, vstest.console.dll, TestPluginCache.GetExtensionPaths: Filtered extension paths: 
TpTrace Verbose: 0 : 11544, 4, 2021/06/18, 22:17:54.042, 3501781261423, vstest.console.dll, TestPluginCache.GetExtensionPaths: Added default extension paths: C:\Program Files\dotnet\sdk\5.0.301\Extensions\Microsoft.Diagnostics.NETCore.Client.dll
C:\Program Files\dotnet\sdk\5.0.301\Extensions\Microsoft.TestPlatform.Extensions.BlameDataCollector.dll
C:\Program Files\dotnet\sdk\5.0.301\Extensions\Microsoft.TestPlatform.Extensions.EventLogCollector.dll
C:\Program Files\dotnet\sdk\5.0.301\Extensions\Microsoft.TestPlatform.TestHostRuntimeProvider.dll
C:\Program Files\dotnet\sdk\5.0.301\Extensions\Microsoft.VisualStudio.TestPlatform.Extensions.Html.TestLogger.dll
C:\Program Files\dotnet\sdk\5.0.301\Extensions\Microsoft.VisualStudio.TestPlatform.Extensions.Trx.TestLogger.dll
TpTrace Verbose: 0 : 11544, 4, 2021/06/18, 22:17:54.042, 3501781261802, vstest.console.dll, TestPluginCache.GetExtensionPaths: Added unfilterableExtensionPaths: 
TpTrace Verbose: 0 : 11544, 4, 2021/06/18, 22:17:54.047, 3501781304974, vstest.console.dll, TestRequestSender.InitializeExecution: Sending initializing execution with message: {"Version":5,"MessageType":"TestExecution.Initialize","Payload":["C:\\Projects\\Siemens\\tiny-jewelry-store\\JewelleryStore\\JewelleryStore.Tests\\bin\\Debug\\netcoreapp3.1\\fine-code-coverage\\build-output\\Microsoft.VisualStudio.TestPlatform.MSTest.TestAdapter.dll"]}
TpTrace Verbose: 0 : 11544, 13, 2021/06/18, 22:17:54.058, 3501781418508, vstest.console.dll, TcpClientExtensions.MessageLoopAsync: NotifyDataAvailable remoteEndPoint: 127.0.0.1:59418 localEndPoint: 127.0.0.1:59417
TpTrace Verbose: 0 : 11544, 13, 2021/06/18, 22:17:54.058, 3501781420138, vstest.console.dll, TestRequestSender.OnExecutionMessageReceived: Received message: {"Version":5,"MessageType":"TestSession.Message","Payload":{"MessageLevel":0,"Message":"Logging TestHost Diagnostics in file: C:\\Projects\\Siemens\\tiny-jewelry-store\\JewelleryStore\\JewelleryStore.Tests\\bin\\Debug\\netcoreapp3.1\\fine-code-coverage\\coverage-tool-output\\diagnostics.host.21-06-18_22-17-53_59741_4.log"}}
TpTrace Verbose: 0 : 11544, 4, 2021/06/18, 22:17:54.058, 3501781422475, vstest.console.dll, TestRequestSender.StartTestRun: Sending test run with message: {"Version":5,"MessageType":"TestExecution.StartWithSources","Payload":{"AdapterSourceMap":{"_none_":["C:\\Projects\\Siemens\\tiny-jewelry-store\\JewelleryStore\\JewelleryStore.Tests\\bin\\Debug\\netcoreapp3.1\\fine-code-coverage\\build-output\\JewelleryStore.Tests.dll"]},"RunSettings":"<RunSettings>\r\n  <RunConfiguration>\r\n    <ResultsDirectory>C:\\Projects\\Siemens\\tiny-jewelry-store\\JewelleryStore\\JewelleryStore.Tests\\bin\\Debug\\netcoreapp3.1\\fine-code-coverage\\coverage-tool-output</ResultsDirectory>\r\n    <TargetPlatform>X64</TargetPlatform>\r\n    <TargetFrameworkVersion>.NETCoreApp,Version=v3.1</TargetFrameworkVersion>\r\n    <DesignMode>False</DesignMode>\r\n    <CollectSourceInformation>False</CollectSourceInformation>\r\n  </RunConfiguration>\r\n  <LoggerRunSettings>\r\n    <Loggers>\r\n      <Logger friendlyName=\"blame\" enabled=\"True\" />\r\n      <Logger friendlyName=\"Console\" uri=\"logger://microsoft/TestPlatform/ConsoleLogger/v1\" assemblyQualifiedName=\"Microsoft.VisualStudio.TestPlatform.CommandLine.Internal.ConsoleLogger, vstest.console, Version=15.0.0.0, Culture=neutral, PublicKeyToken=b03f5f7f11d50a3a\" codeBase=\"C:\\Program Files\\dotnet\\sdk\\5.0.301\\vstest.console.dll\" enabled=\"True\" />\r\n    </Loggers>\r\n  </LoggerRunSettings>\r\n  <DataCollectionRunSettings>\r\n    <DataCollectors>\r\n      <DataCollector friendlyName=\"blame\" enabled=\"True\">\r\n        <Configuration>\r\n          <ResultsDirectory>C:\\Projects\\Siemens\\tiny-jewelry-store\\JewelleryStore\\JewelleryStore.Tests\\bin\\Debug\\netcoreapp3.1\\fine-code-coverage\\coverage-tool-output</ResultsDirectory>\r\n        </Configuration>\r\n      </DataCollector>\r\n    </DataCollectors>\r\n  </DataCollectionRunSettings>\r\n</RunSettings>","TestExecutionContext":{"FrequencyOfRunStatsChangeEvent":10,"RunStatsChangeEventTimeout":"00:00:01.5000000","InIsolation":false,"KeepAlive":false,"AreTestCaseLevelEventsRequired":false,"IsDebug":false,"TestCaseFilter":null,"FilterOptions":null},"Package":null}}
TpTrace Verbose: 0 : 11544, 13, 2021/06/18, 22:17:54.060, 3501781441999, vstest.console.dll, TestRunRequest:SendTestRunMessage: Starting.
TpTrace Information: 0 : 11544, 13, 2021/06/18, 22:17:54.060, 3501781442868, vstest.console.dll, TestRunRequest:SendTestRunMessage: Completed.
TpTrace Verbose: 0 : 11544, 13, 2021/06/18, 22:17:54.060, 3501781443298, vstest.console.dll, TcpClientExtensions.MessageLoopAsync: Polling on remoteEndPoint: 127.0.0.1:59418 localEndPoint: 127.0.0.1:59417
TpTrace Verbose: 0 : 11544, 13, 2021/06/18, 22:17:55.061, 3501791449192, vstest.console.dll, TcpClientExtensions.MessageLoopAsync: Polling on remoteEndPoint: 127.0.0.1:59418 localEndPoint: 127.0.0.1:59417
TpTrace Verbose: 0 : 11544, 13, 2021/06/18, 22:17:55.431, 3501795145870, vstest.console.dll, TcpClientExtensions.MessageLoopAsync: NotifyDataAvailable remoteEndPoint: 127.0.0.1:59418 localEndPoint: 127.0.0.1:59417
TpTrace Verbose: 0 : 11544, 13, 2021/06/18, 22:17:55.431, 3501795147511, vstest.console.dll, TestRequestSender.OnExecutionMessageReceived: Received message: {"Version":5,"MessageType":"TestSession.Message","Payload":{"MessageLevel":1,"Message":"[MSTest][Discovery][C:\\Projects\\Siemens\\tiny-jewelry-store\\JewelleryStore\\JewelleryStore.Tests\\bin\\Debug\\netcoreapp3.1\\fine-code-coverage\\build-output\\JewelleryStore.Tests.dll] UTA007: Method Login_When_Valid_CredentialsPassed_Returns_Customer defined in class JewelleryStore.Tests.JewelleryStoreTest does not have correct signature. Test method marked with the [TestMethod] attribute must be non-static, public, return-type as void  and should not take any parameter. Example: public void Test.Class1.Test(). Additionally, if you are using async-await in test method then return-type must be Task. Example: public async Task Test.Class1.Test2()"}}
TpTrace Verbose: 0 : 11544, 13, 2021/06/18, 22:17:55.431, 3501795151641, vstest.console.dll, TestRunRequest:SendTestRunMessage: Starting.
TpTrace Information: 0 : 11544, 13, 2021/06/18, 22:17:55.431, 3501795152355, vstest.console.dll, TestRunRequest:SendTestRunMessage: Completed.
TpTrace Verbose: 0 : 11544, 13, 2021/06/18, 22:17:55.431, 3501795152681, vstest.console.dll, TcpClientExtensions.MessageLoopAsync: Polling on remoteEndPoint: 127.0.0.1:59418 localEndPoint: 127.0.0.1:59417
TpTrace Verbose: 0 : 11544, 13, 2021/06/18, 22:17:55.431, 3501795153073, vstest.console.dll, TcpClientExtensions.MessageLoopAsync: NotifyDataAvailable remoteEndPoint: 127.0.0.1:59418 localEndPoint: 127.0.0.1:59417
TpTrace Verbose: 0 : 11544, 13, 2021/06/18, 22:17:55.431, 3501795153573, vstest.console.dll, TestRequestSender.OnExecutionMessageReceived: Received message: {"Version":5,"MessageType":"TestSession.Message","Payload":{"MessageLevel":1,"Message":"[MSTest][Discovery][C:\\Projects\\Siemens\\tiny-jewelry-store\\JewelleryStore\\JewelleryStore.Tests\\bin\\Debug\\netcoreapp3.1\\fine-code-coverage\\build-output\\JewelleryStore.Tests.dll] UTA007: Method Login_When_Valid_CredentialsPassed_Returns_PrevilegedCustomer defined in class JewelleryStore.Tests.JewelleryStoreTest does not have correct signature. Test method marked with the [TestMethod] attribute must be non-static, public, return-type as void  and should not take any parameter. Example: public void Test.Class1.Test(). Additionally, if you are using async-await in test method then return-type must be Task. Example: public async Task Test.Class1.Test2()"}}
TpTrace Verbose: 0 : 11544, 13, 2021/06/18, 22:17:55.432, 3501795155352, vstest.console.dll, TestRunRequest:SendTestRunMessage: Starting.
TpTrace Information: 0 : 11544, 13, 2021/06/18, 22:17:55.432, 3501795156129, vstest.console.dll, TestRunRequest:SendTestRunMessage: Completed.
TpTrace Verbose: 0 : 11544, 13, 2021/06/18, 22:17:55.432, 3501795156642, vstest.console.dll, TcpClientExtensions.MessageLoopAsync: Polling on remoteEndPoint: 127.0.0.1:59418 localEndPoint: 127.0.0.1:59417
TpTrace Verbose: 0 : 11544, 13, 2021/06/18, 22:17:55.674, 3501797578500, vstest.console.dll, TcpClientExtensions.MessageLoopAsync: NotifyDataAvailable remoteEndPoint: 127.0.0.1:59418 localEndPoint: 127.0.0.1:59417
TpTrace Verbose: 0 : 11544, 13, 2021/06/18, 22:17:55.674, 3501797580128, vstest.console.dll, TestRequestSender.OnExecutionMessageReceived: Received message: {"Version":5,"MessageType":"TestExecution.StatsChange","Payload":{"NewTestResults":[],"TestRunStatistics":{"ExecutedTests":0,"Stats":{}},"ActiveTests":[{"Id":"9e8d3ee3-34ca-a782-74ea-b7a76b88e375","FullyQualifiedName":"JewelleryStore.Tests.JewelleryStorePrinterTest.Print_When_Printer_Device_ThowsException","DisplayName":"Print_When_Printer_Device_ThowsException","ExecutorUri":"executor://MSTestAdapter/v2","Source":"C:\\Projects\\Siemens\\tiny-jewelry-store\\JewelleryStore\\JewelleryStore.Tests\\bin\\Debug\\netcoreapp3.1\\fine-code-coverage\\build-output\\JewelleryStore.Tests.dll","CodeFilePath":null,"LineNumber":-1,"Properties":[{"Key":{"Id":"TestCase.ManagedType","Label":"ManagedType","Category":"","Description":"","Attributes":1,"ValueType":"System.String"},"Value":"JewelleryStore.Tests.JewelleryStorePrinterTest"},{"Key":{"Id":"TestCase.ManagedMethod","Label":"ManagedMethod","Category":"","Description":"","Attributes":1,"ValueType":"System.String"},"Value":"Print_When_Printer_Device_ThowsException"},{"Key":{"Id":"MSTestDiscoverer.TestClassName","Label":"ClassName","Category":"","Description":"","Attributes":1,"ValueType":"System.String"},"Value":"JewelleryStore.Tests.JewelleryStorePrinterTest"},{"Key":{"Id":"TestObject.Traits","Label":"Traits","Category":"","Description":"","Attributes":5,"ValueType":"System.Collections.Generic.KeyValuePair`2[[System.String],[System.String]][]"},"Value":[]}]}]}}
TpTrace Verbose: 0 : 11544, 13, 2021/06/18, 22:17:55.726, 3501798099207, vstest.console.dll, TestRunRequest:SendTestRunStatsChange: Starting.
TpTrace Verbose: 0 : 11544, 13, 2021/06/18, 22:17:55.726, 3501798100490, vstest.console.dll, InProgress is Print_When_Printer_Device_ThowsException
TpTrace Information: 0 : 11544, 13, 2021/06/18, 22:17:55.726, 3501798101351, vstest.console.dll, TestRunRequest:SendTestRunStatsChange: Completed.
TpTrace Verbose: 0 : 11544, 13, 2021/06/18, 22:17:55.726, 3501798101732, vstest.console.dll, TcpClientExtensions.MessageLoopAsync: Polling on remoteEndPoint: 127.0.0.1:59418 localEndPoint: 127.0.0.1:59417
TpTrace Verbose: 0 : 11544, 13, 2021/06/18, 22:17:56.741, 3501808251651, vstest.console.dll, TcpClientExtensions.MessageLoopAsync: Polling on remoteEndPoint: 127.0.0.1:59418 localEndPoint: 127.0.0.1:59417
TpTrace Verbose: 0 : 11544, 13, 2021/06/18, 22:17:56.805, 3501808885603, vstest.console.dll, TcpClientExtensions.MessageLoopAsync: NotifyDataAvailable remoteEndPoint: 127.0.0.1:59418 localEndPoint: 127.0.0.1:59417
TpTrace Verbose: 0 : 11544, 13, 2021/06/18, 22:17:56.805, 3501808888996, vstest.console.dll, TestRequestSender.OnExecutionMessageReceived: Received message: {"Version":5,"MessageType":"TestExecution.Completed","Payload":{"TestRunCompleteArgs":{"TestRunStatistics":{"ExecutedTests":7,"Stats":{"Passed":7}},"IsCanceled":false,"IsAborted":false,"Error":null,"AttachmentSets":[],"ElapsedTimeInRunningTests":"00:00:02.5656918","Metrics":{}},"LastRunTests":{"NewTestResults":[{"TestCase":{"Id":"9e8d3ee3-34ca-a782-74ea-b7a76b88e375","FullyQualifiedName":"JewelleryStore.Tests.JewelleryStorePrinterTest.Print_When_Printer_Device_ThowsException","DisplayName":"Print_When_Printer_Device_ThowsException","ExecutorUri":"executor://MSTestAdapter/v2","Source":"C:\\Projects\\Siemens\\tiny-jewelry-store\\JewelleryStore\\JewelleryStore.Tests\\bin\\Debug\\netcoreapp3.1\\fine-code-coverage\\build-output\\JewelleryStore.Tests.dll","CodeFilePath":null,"LineNumber":-1,"Properties":[{"Key":{"Id":"TestCase.ManagedType","Label":"ManagedType","Category":"","Description":"","Attributes":1,"ValueType":"System.String"},"Value":"JewelleryStore.Tests.JewelleryStorePrinterTest"},{"Key":{"Id":"TestCase.ManagedMethod","Label":"ManagedMethod","Category":"","Description":"","Attributes":1,"ValueType":"System.String"},"Value":"Print_When_Printer_Device_ThowsException"},{"Key":{"Id":"MSTestDiscoverer.TestClassName","Label":"ClassName","Category":"","Description":"","Attributes":1,"ValueType":"System.String"},"Value":"JewelleryStore.Tests.JewelleryStorePrinterTest"},{"Key":{"Id":"TestObject.Traits","Label":"Traits","Category":"","Description":"","Attributes":5,"ValueType":"System.Collections.Generic.KeyValuePair`2[[System.String],[System.String]][]"},"Value":[]}]},"Attachments":[],"Outcome":1,"ErrorMessage":null,"ErrorStackTrace":null,"DisplayName":null,"Messages":[],"ComputerName":null,"Duration":"00:00:00.8855464","StartTime":"2021-06-18T22:17:55.5307175+05:30","EndTime":"2021-06-18T22:17:56.4504466+05:30","Properties":[{"Key":{"Id":"ExecutionId","Label":"ExecutionId","Category":"","Description":"","Attributes":1,"ValueType":"System.Guid"},"Value":"00000000-0000-0000-0000-000000000000"},{"Key":{"Id":"ParentExecId","Label":"ParentExecId","Category":"","Description":"","Attributes":1,"ValueType":"System.Guid"},"Value":"00000000-0000-0000-0000-000000000000"},{"Key":{"Id":"InnerResultsCount","Label":"InnerResultsCount","Category":"","Description":"","Attributes":1,"ValueType":"System.Int32"},"Value":0}]},{"TestCase":{"Id":"66cc639e-5ab0-f18a-ee63-e4f40f53f7b5","FullyQualifiedName":"JewelleryStore.Tests.JewelleryStorePrinterTest.Print_When_Printer_OnScreen_Prints_And_ReturnsData","DisplayName":"Print_When_Printer_OnScreen_Prints_And_ReturnsData","ExecutorUri":"executor://MSTestAdapter/v2","Source":"C:\\Projects\\Siemens\\tiny-jewelry-store\\JewelleryStore\\JewelleryStore.Tests\\bin\\Debug\\netcoreapp3.1\\fine-code-coverage\\build-output\\JewelleryStore.Tests.dll","CodeFilePath":null,"LineNumber":-1,"Properties":[{"Key":{"Id":"TestCase.ManagedType","Label":"ManagedType","Category":"","Description":"","Attributes":1,"ValueType":"System.String"},"Value":"JewelleryStore.Tests.JewelleryStorePrinterTest"},{"Key":{"Id":"TestCase.ManagedMethod","Label":"ManagedMethod","Category":"","Description":"","Attributes":1,"ValueType":"System.String"},"Value":"Print_When_Printer_OnScreen_Prints_And_ReturnsData"},{"Key":{"Id":"MSTestDiscoverer.TestClassName","Label":"ClassName","Category":"","Description":"","Attributes":1,"ValueType":"System.String"},"Value":"JewelleryStore.Tests.JewelleryStorePrinterTest"},{"Key":{"Id":"TestObject.Traits","Label":"Traits","Category":"","Description":"","Attributes":5,"ValueType":"System.Collections.Generic.KeyValuePair`2[[System.String],[System.String]][]"},"Value":[]}]},"Attachments":[],"Outcome":1,"ErrorMessage":null,"ErrorStackTrace":null,"DisplayName":null,"Messages":[],"ComputerName":null,"Duration":"00:00:00.0011683","StartTime":"2021-06-18T22:17:56.4775774+05:30","EndTime":"2021-06-18T22:17:56.479319+05:30","Properties":[{"Key":{"Id":"ExecutionId","Label":"ExecutionId","Category":"","Description":"","Attributes":1,"ValueType":"System.Guid"},"Value":"00000000-0000-0000-0000-000000000000"},{"Key":{"Id":"ParentExecId","Label":"ParentExecId","Category":"","Description":"","Attributes":1,"ValueType":"System.Guid"},"Value":"00000000-0000-0000-0000-000000000000"},{"Key":{"Id":"InnerResultsCount","Label":"InnerResultsCount","Category":"","Description":"","Attributes":1,"ValueType":"System.Int32"},"Value":0}]},{"TestCase":{"Id":"531a6380-c7bb-35ad-f1f6-b7581ab7affa","FullyQualifiedName":"JewelleryStore.Tests.JewelleryStorePrinterTest.Print_When_Printer_File_Prints_And_ReturnsData","DisplayName":"Print_When_Printer_File_Prints_And_ReturnsData","ExecutorUri":"executor://MSTestAdapter/v2","Source":"C:\\Projects\\Siemens\\tiny-jewelry-store\\JewelleryStore\\JewelleryStore.Tests\\bin\\Debug\\netcoreapp3.1\\fine-code-coverage\\build-output\\JewelleryStore.Tests.dll","CodeFilePath":null,"LineNumber":-1,"Properties":[{"Key":{"Id":"TestCase.ManagedType","Label":"ManagedType","Category":"","Description":"","Attributes":1,"ValueType":"System.String"},"Value":"JewelleryStore.Tests.JewelleryStorePrinterTest"},{"Key":{"Id":"TestCase.ManagedMethod","Label":"ManagedMethod","Category":"","Description":"","Attributes":1,"ValueType":"System.String"},"Value":"Print_When_Printer_File_Prints_And_ReturnsData"},{"Key":{"Id":"MSTestDiscoverer.TestClassName","Label":"ClassName","Category":"","Description":"","Attributes":1,"ValueType":"System.String"},"Value":"JewelleryStore.Tests.JewelleryStorePrinterTest"},{"Key":{"Id":"TestObject.Traits","Label":"Traits","Category":"","Description":"","Attributes":5,"ValueType":"System.Collections.Generic.KeyValuePair`2[[System.String],[System.String]][]"},"Value":[]}]},"Attachments":[],"Outcome":1,"ErrorMessage":null,"ErrorStackTrace":null,"DisplayName":null,"Messages":[],"ComputerName":null,"Duration":"00:00:00.2597784","StartTime":"2021-06-18T22:17:56.4819663+05:30","EndTime":"2021-06-18T22:17:56.742362+05:30","Properties":[{"Key":{"Id":"ExecutionId","Label":"ExecutionId","Category":"","Description":"","Attributes":1,"ValueType":"System.Guid"},"Value":"00000000-0000-0000-0000-000000000000"},{"Key":{"Id":"ParentExecId","Label":"ParentExecId","Category":"","Description":"","Attributes":1,"ValueType":"System.Guid"},"Value":"00000000-0000-0000-0000-000000000000"},{"Key":{"Id":"InnerResultsCount","Label":"InnerResultsCount","Category":"","Description":"","Attributes":1,"ValueType":"System.Int32"},"Value":0}]},{"TestCase":{"Id":"9ebfaae5-7164-e6dc-65dc-f0e84ea6fefb","FullyQualifiedName":"JewelleryStore.Tests.JewelleryStoreTest.Login_When_Invalid_CredentialsPassed_Returns_Null","DisplayName":"Login_When_Invalid_CredentialsPassed_Returns_Null","ExecutorUri":"executor://MSTestAdapter/v2","Source":"C:\\Projects\\Siemens\\tiny-jewelry-store\\JewelleryStore\\JewelleryStore.Tests\\bin\\Debug\\netcoreapp3.1\\fine-code-coverage\\build-output\\JewelleryStore.Tests.dll","CodeFilePath":null,"LineNumber":-1,"Properties":[{"Key":{"Id":"TestCase.ManagedType","Label":"ManagedType","Category":"","Description":"","Attributes":1,"ValueType":"System.String"},"Value":"JewelleryStore.Tests.JewelleryStoreTest"},{"Key":{"Id":"TestCase.ManagedMethod","Label":"ManagedMethod","Category":"","Description":"","Attributes":1,"ValueType":"System.String"},"Value":"Login_When_Invalid_CredentialsPassed_Returns_Null"},{"Key":{"Id":"MSTestDiscoverer.TestClassName","Label":"ClassName","Category":"","Description":"","Attributes":1,"ValueType":"System.String"},"Value":"JewelleryStore.Tests.JewelleryStoreTest"},{"Key":{"Id":"TestObject.Traits","Label":"Traits","Category":"","Description":"","Attributes":5,"ValueType":"System.Collections.Generic.KeyValuePair`2[[System.String],[System.String]][]"},"Value":[]}]},"Attachments":[],"Outcome":1,"ErrorMessage":null,"ErrorStackTrace":null,"DisplayName":null,"Messages":[],"ComputerName":null,"Duration":"00:00:00.0096627","StartTime":"2021-06-18T22:17:56.7460909+05:30","EndTime":"2021-06-18T22:17:56.7565703+05:30","Properties":[{"Key":{"Id":"ExecutionId","Label":"ExecutionId","Category":"","Description":"","Attributes":1,"ValueType":"System.Guid"},"Value":"00000000-0000-0000-0000-000000000000"},{"Key":{"Id":"ParentExecId","Label":"ParentExecId","Category":"","Description":"","Attributes":1,"ValueType":"System.Guid"},"Value":"00000000-0000-0000-0000-000000000000"},{"Key":{"Id":"InnerResultsCount","Label":"InnerResultsCount","Category":"","Description":"","Attributes":1,"ValueType":"System.Int32"},"Value":0}]},{"TestCase":{"Id":"24a3c00d-4ed4-adfe-1700-9f33d61f8f1a","FullyQualifiedName":"JewelleryStore.Tests.JewelleryStoreTest.Get_Price_When_Valid_CustomerId_Jewellery_Returns_TotalPrice","DisplayName":"Get_Price_When_Valid_CustomerId_Jewellery_Returns_TotalPrice","ExecutorUri":"executor://MSTestAdapter/v2","Source":"C:\\Projects\\Siemens\\tiny-jewelry-store\\JewelleryStore\\JewelleryStore.Tests\\bin\\Debug\\netcoreapp3.1\\fine-code-coverage\\build-output\\JewelleryStore.Tests.dll","CodeFilePath":null,"LineNumber":-1,"Properties":[{"Key":{"Id":"TestCase.ManagedType","Label":"ManagedType","Category":"","Description":"","Attributes":1,"ValueType":"System.String"},"Value":"JewelleryStore.Tests.JewelleryStoreTest"},{"Key":{"Id":"TestCase.ManagedMethod","Label":"ManagedMethod","Category":"","Description":"","Attributes":1,"ValueType":"System.String"},"Value":"Get_Price_When_Valid_CustomerId_Jewellery_Returns_TotalPrice"},{"Key":{"Id":"MSTestDiscoverer.TestClassName","Label":"ClassName","Category":"","Description":"","Attributes":1,"ValueType":"System.String"},"Value":"JewelleryStore.Tests.JewelleryStoreTest"},{"Key":{"Id":"TestObject.Traits","Label":"Traits","Category":"","Description":"","Attributes":5,"ValueType":"System.Collections.Generic.KeyValuePair`2[[System.String],[System.String]][]"},"Value":[]}]},"Attachments":[],"Outcome":1,"ErrorMessage":null,"ErrorStackTrace":null,"DisplayName":null,"Messages":[],"ComputerName":null,"Duration":"00:00:00.0068924","StartTime":"2021-06-18T22:17:56.7588596+05:30","EndTime":"2021-06-18T22:17:56.7660393+05:30","Properties":[{"Key":{"Id":"ExecutionId","Label":"ExecutionId","Category":"","Description":"","Attributes":1,"ValueType":"System.Guid"},"Value":"00000000-0000-0000-0000-000000000000"},{"Key":{"Id":"ParentExecId","Label":"ParentExecId","Category":"","Description":"","Attributes":1,"ValueType":"System.Guid"},"Value":"00000000-0000-0000-0000-000000000000"},{"Key":{"Id":"InnerResultsCount","Label":"InnerResultsCount","Category":"","Description":"","Attributes":1,"ValueType":"System.Int32"},"Value":0}]},{"TestCase":{"Id":"3fefdd2e-8dbc-5722-c8c6-f8398952c26d","FullyQualifiedName":"JewelleryStore.Tests.JewelleryStoreTest.Get_Price_When_Valid_PrevilegeCustomerId_Jewellery_Returns_TotalPrice","DisplayName":"Get_Price_When_Valid_PrevilegeCustomerId_Jewellery_Returns_TotalPrice","ExecutorUri":"executor://MSTestAdapter/v2","Source":"C:\\Projects\\Siemens\\tiny-jewelry-store\\JewelleryStore\\JewelleryStore.Tests\\bin\\Debug\\netcoreapp3.1\\fine-code-coverage\\build-output\\JewelleryStore.Tests.dll","CodeFilePath":null,"LineNumber":-1,"Properties":[{"Key":{"Id":"TestCase.ManagedType","Label":"ManagedType","Category":"","Description":"","Attributes":1,"ValueType":"System.String"},"Value":"JewelleryStore.Tests.JewelleryStoreTest"},{"Key":{"Id":"TestCase.ManagedMethod","Label":"ManagedMethod","Category":"","Description":"","Attributes":1,"ValueType":"System.String"},"Value":"Get_Price_When_Valid_PrevilegeCustomerId_Jewellery_Returns_TotalPrice"},{"Key":{"Id":"MSTestDiscoverer.TestClassName","Label":"ClassName","Category":"","Description":"","Attributes":1,"ValueType":"System.String"},"Value":"JewelleryStore.Tests.JewelleryStoreTest"},{"Key":{"Id":"TestObject.Traits","Label":"Traits","Category":"","Description":"","Attributes":5,"ValueType":"System.Collections.Generic.KeyValuePair`2[[System.String],[System.String]][]"},"Value":[]}]},"Attachments":[],"Outcome":1,"ErrorMessage":null,"ErrorStackTrace":null,"DisplayName":null,"Messages":[],"ComputerName":null,"Duration":"00:00:00.0037468","StartTime":"2021-06-18T22:17:56.7682806+05:30","EndTime":"2021-06-18T22:17:56.7723087+05:30","Properties":[{"Key":{"Id":"ExecutionId","Label":"ExecutionId","Category":"","Description":"","Attributes":1,"ValueType":"System.Guid"},"Value":"00000000-0000-0000-0000-000000000000"},{"Key":{"Id":"ParentExecId","Label":"ParentExecId","Category":"","Description":"","Attributes":1,"ValueType":"System.Guid"},"Value":"00000000-0000-0000-0000-000000000000"},{"Key":{"Id":"InnerResultsCount","Label":"InnerResultsCount","Category":"","Description":"","Attributes":1,"ValueType":"System.Int32"},"Value":0}]},{"TestCase":{"Id":"9ea1d7fc-b9e1-54fc-6abe-09a7013dd9bb","FullyQualifiedName":"JewelleryStore.Tests.JewelleryStoreTest.Get_ZeroPrice_When_Valid_PrevilegeCustomerId_Jewellery_Returns_TotalPrice","DisplayName":"Get_ZeroPrice_When_Valid_PrevilegeCustomerId_Jewellery_Returns_TotalPrice","ExecutorUri":"executor://MSTestAdapter/v2","Source":"C:\\Projects\\Siemens\\tiny-jewelry-store\\JewelleryStore\\JewelleryStore.Tests\\bin\\Debug\\netcoreapp3.1\\fine-code-coverage\\build-output\\JewelleryStore.Tests.dll","CodeFilePath":null,"LineNumber":-1,"Properties":[{"Key":{"Id":"TestCase.ManagedType","Label":"ManagedType","Category":"","Description":"","Attributes":1,"ValueType":"System.String"},"Value":"JewelleryStore.Tests.JewelleryStoreTest"},{"Key":{"Id":"TestCase.ManagedMethod","Label":"ManagedMethod","Category":"","Description":"","Attributes":1,"ValueType":"System.String"},"Value":"Get_ZeroPrice_When_Valid_PrevilegeCustomerId_Jewellery_Returns_TotalPrice"},{"Key":{"Id":"MSTestDiscoverer.TestClassName","Label":"ClassName","Category":"","Description":"","Attributes":1,"ValueType":"System.String"},"Value":"JewelleryStore.Tests.JewelleryStoreTest"},{"Key":{"Id":"TestObject.Traits","Label":"Traits","Category":"","Description":"","Attributes":5,"ValueType":"System.Collections.Generic.KeyValuePair`2[[System.String],[System.String]][]"},"Value":[]}]},"Attachments":[],"Outcome":1,"ErrorMessage":null,"ErrorStackTrace":null,"DisplayName":null,"Messages":[],"ComputerName":null,"Duration":"00:00:00.0016439","StartTime":"2021-06-18T22:17:56.7743269+05:30","EndTime":"2021-06-18T22:17:56.7762307+05:30","Properties":[{"Key":{"Id":"ExecutionId","Label":"ExecutionId","Category":"","Description":"","Attributes":1,"ValueType":"System.Guid"},"Value":"00000000-0000-0000-0000-000000000000"},{"Key":{"Id":"ParentExecId","Label":"ParentExecId","Category":"","Description":"","Attributes":1,"ValueType":"System.Guid"},"Value":"00000000-0000-0000-0000-000000000000"},{"Key":{"Id":"InnerResultsCount","Label":"InnerResultsCount","Category":"","Description":"","Attributes":1,"ValueType":"System.Int32"},"Value":0}]}],"TestRunStatistics":{"ExecutedTests":7,"Stats":{"Passed":7}},"ActiveTests":[]},"RunAttachments":[],"ExecutorUris":["executor://mstestadapter/v2"]}}
TpTrace Verbose: 0 : 11544, 13, 2021/06/18, 22:17:56.809, 3501808927466, vstest.console.dll, TestRequestSender.EndSession: Sending end session.
TpTrace Verbose: 0 : 11544, 13, 2021/06/18, 22:17:56.809, 3501808928836, vstest.console.dll, ProxyOperationManager.Close: waiting for test host to exit for 100 ms
TpTrace Warning: 0 : 11544, 12, 2021/06/18, 22:17:56.832, 3501809163173, vstest.console.dll, TestHostManagerCallbacks.ErrorReceivedCallback Test host standard error line: 
TpTrace Verbose: 0 : 11544, 7, 2021/06/18, 22:17:56.839, 3501809224966, vstest.console.dll, TestHostProvider.ExitCallBack: Host exited starting callback.
TpTrace Information: 0 : 11544, 7, 2021/06/18, 22:17:56.839, 3501809230107, vstest.console.dll, TestHostManagerCallbacks.ExitCallBack: Testhost processId: 31920 exited with exitcode: 0 error: ''
TpTrace Verbose: 0 : 11544, 7, 2021/06/18, 22:17:56.839, 3501809230751, vstest.console.dll, DotnetTestHostManager.OnHostExited: invoking OnHostExited callback
TpTrace Verbose: 0 : 11544, 7, 2021/06/18, 22:17:56.839, 3501809231224, vstest.console.dll, CrossPlatEngine.TestHostManagerHostExited: calling on client process exit callback.
TpTrace Information: 0 : 11544, 7, 2021/06/18, 22:17:56.839, 3501809231731, vstest.console.dll, TestRequestSender.OnClientProcessExit: Test host process exited. Standard error: 
TpTrace Warning: 0 : 11544, 13, 2021/06/18, 22:17:56.839, 3501809231785, vstest.console.dll, ProxyOperationManager: Timed out waiting for test host to exit. Will terminate process.
TpTrace Information: 0 : 11544, 7, 2021/06/18, 22:17:56.839, 3501809232120, vstest.console.dll, SocketServer.Stop: Stop server endPoint: 127.0.0.1:59417
TpTrace Information: 0 : 11544, 7, 2021/06/18, 22:17:56.839, 3501809233001, vstest.console.dll, SocketServer.Stop: Cancellation requested. Stopping message loop.
TpTrace Verbose: 0 : 11544, 13, 2021/06/18, 22:17:56.840, 3501809242939, vstest.console.dll, ProxyDataCollectionManager.InvokeDataCollectionServiceAction: Starting.
TpTrace Information: 0 : 11544, 13, 2021/06/18, 22:17:56.840, 3501809243554, vstest.console.dll, ProxyDataCollectionManager.AfterTestRunEnd: Get attachment set for datacollector processId: 17196 port: 59414
TpTrace Verbose: 0 : 11544, 13, 2021/06/18, 22:17:56.841, 3501809244052, vstest.console.dll, DataCollectionRequestSender.SendAfterTestRunStartAndGetResult : Send AfterTestRunEnd message with isCancelled: False
TpTrace Verbose: 0 : 11544, 13, 2021/06/18, 22:17:56.844, 3501809283576, vstest.console.dll, DataCollectionRequestSender.SendAfterTestRunStartAndGetResult : Received message: (DataCollection.AfterTestRunEndResult) -> {
  "AttachmentSets": [],
  "Metrics": {}
}
TpTrace Information: 0 : 11544, 13, 2021/06/18, 22:17:56.848, 3501809319729, vstest.console.dll, ProxyDataCollectionManager.InvokeDataCollectionServiceAction: Completed.
TpTrace Warning: 0 : 11544, 9, 2021/06/18, 22:17:56.850, 3501809337137, vstest.console.dll, DataCollectionLauncher.ErrorReceivedCallback datacollector standard error line: 
TpTrace Information: 0 : 11544, 7, 2021/06/18, 22:17:56.854, 3501809380872, vstest.console.dll, DataCollectionLauncher.ExitCallBack: Data collector exited with exitcode: 0 error: ''
TpTrace Verbose: 0 : 11544, 13, 2021/06/18, 22:17:56.892, 3501809756089, vstest.console.dll, TestRunRequest:SendTestRunStatsChange: Starting.
TpTrace Information: 0 : 11544, 13, 2021/06/18, 22:17:56.892, 3501809758845, vstest.console.dll, TestRunRequest:SendTestRunStatsChange: Completed.
TpTrace Verbose: 0 : 11544, 13, 2021/06/18, 22:17:56.892, 3501809761008, vstest.console.dll, ParallelProxyExecutionManager: HandlePartialRunComplete: Total completed clients = 1, Run complete = True, Run canceled: False.
TpTrace Verbose: 0 : 11544, 13, 2021/06/18, 22:17:56.918, 3501810016135, vstest.console.dll, TestRunRequest:TestRunComplete: Starting. IsAborted:False IsCanceled:False.
TpTrace Verbose: 0 : 11544, 13, 2021/06/18, 22:17:56.918, 3501810018526, vstest.console.dll, TestLoggerManager.HandleTestRunComplete: Ignoring as the object is disposed.
TpTrace Information: 0 : 11544, 13, 2021/06/18, 22:17:56.918, 3501810021492, vstest.console.dll, TestRunRequest:TestRunComplete: Completed.
TpTrace Verbose: 0 : 11544, 1, 2021/06/18, 22:17:56.918, 3501810021760, vstest.console.dll, TestRunRequest.Dispose: Starting.
TpTrace Verbose: 0 : 11544, 13, 2021/06/18, 22:17:56.918, 3501810022219, vstest.console.dll, TestRequestSender.SetOperationComplete: Setting operation complete.
TpTrace Information: 0 : 11544, 1, 2021/06/18, 22:17:56.918, 3501810022927, vstest.console.dll, TestRunRequest.Dispose: Completed.
TpTrace Information: 0 : 11544, 13, 2021/06/18, 22:17:56.918, 3501810023442, vstest.console.dll, SocketServer.Stop: Stop server endPoint: 127.0.0.1:59417
TpTrace Information: 0 : 11544, 1, 2021/06/18, 22:17:56.918, 3501810023990, vstest.console.dll, TestRequestManager.RunTests: run tests completed.
TpTrace Information: 0 : 11544, 13, 2021/06/18, 22:17:56.919, 3501810024600, vstest.console.dll, SocketServer.Stop: Cancellation requested. Stopping message loop.
TpTrace Information: 0 : 11544, 1, 2021/06/18, 22:17:56.919, 3501810025100, vstest.console.dll, RunTestsArgumentProcessor:Execute: Test run is completed.
TpTrace Information: 0 : 11544, 13, 2021/06/18, 22:17:56.919, 3501810025216, vstest.console.dll, SocketServer.PrivateStop: Stop server endPoint: 127.0.0.1:59417 error: 
TpTrace Verbose: 0 : 11544, 1, 2021/06/18, 22:17:56.919, 3501810027093, vstest.console.dll, Executor.Execute: Exiting with exit code of 0
